<?xml version="1.0" encoding="UTF-8"?>
<!-- Generated by org.testng.reporters.JUnitReportReporter -->
<testsuite hostname="air-nataliia.lan" name="com.example.tests.GroupCreationTests" tests="2" failures="0" timestamp="2 Mar 2014 10:54:03 GMT" time="1.766" errors="0">
  <testcase name="testNonEmptyGroupCreation" time="0.783" classname="com.example.tests.GroupCreationTests"/>
  <testcase name="testEmptyGroupCreation" time="0.983" classname="com.example.tests.GroupCreationTests"/>
</testsuite> <!-- com.example.tests.GroupCreationTests -->
