<?xml version="1.0" encoding="UTF-8"?>
<!-- Generated by org.testng.reporters.JUnitReportReporter -->
<testsuite hostname="air-nataliia.lan" name="com.example.tests.ContactCreationTests" tests="5" failures="0" timestamp="23 Mar 2014 19:20:26 GMT" time="6.835" errors="0">
  <testcase name="testContactCreationWithValidData" time="1.296" classname="com.example.tests.ContactCreationTests"/>
  <testcase name="testContactCreationWithValidData" time="1.339" classname="com.example.tests.ContactCreationTests"/>
  <testcase name="testContactCreationWithValidData" time="1.468" classname="com.example.tests.ContactCreationTests"/>
  <testcase name="testContactCreationWithValidData" time="1.324" classname="com.example.tests.ContactCreationTests"/>
  <testcase name="testContactCreationWithValidData" time="1.408" classname="com.example.tests.ContactCreationTests"/>
</testsuite> <!-- com.example.tests.ContactCreationTests -->
