<?xml version="1.0" encoding="UTF-8"?>
<!-- Generated by org.testng.reporters.JUnitReportReporter -->
<testsuite hostname="air-nataliia.lan" name="com.example.tests.GroupRemovalTests" tests="2" failures="0" timestamp="22 Mar 2014 17:32:44 GMT" time="2.230" errors="0">
  <testcase name="deleteSomeGroup" time="0.515" classname="com.example.tests.GroupRemovalTests"/>
  <testcase name="deleteFewGroups" time="1.715" classname="com.example.tests.GroupRemovalTests"/>
</testsuite> <!-- com.example.tests.GroupRemovalTests -->
