<?xml version="1.0" encoding="UTF-8"?>
<!-- Generated by org.testng.reporters.JUnitReportReporter -->
<testsuite hostname="air-nataliia.lan" name="com.example.tests.GroupRemovalTests" tests="1" failures="0" timestamp="4 May 2014 20:34:13 GMT" time="5.248" errors="0">
  <testcase name="deleteSomeGroup" time="5.248" classname="com.example.tests.GroupRemovalTests"/>
</testsuite> <!-- com.example.tests.GroupRemovalTests -->
