<?xml version="1.0" encoding="UTF-8"?>
<!-- Generated by org.testng.reporters.JUnitReportReporter -->
<testsuite hostname="air-nataliia.lan" name="com.example.tests.GroupRemovalTests" tests="1" failures="0" timestamp="31 Mar 2014 20:21:28 GMT" time="30.550" errors="0">
  <testcase name="deleteSomeGroup" time="30.550" classname="com.example.tests.GroupRemovalTests"/>
</testsuite> <!-- com.example.tests.GroupRemovalTests -->
