<?xml version="1.0" encoding="UTF-8"?>
<!-- Generated by org.testng.reporters.JUnitReportReporter -->
<testsuite hostname="air-nataliia.lan" name="com.example.tests.ContactCreationTests" tests="5" failures="0" timestamp="7 May 2014 21:40:25 GMT" time="17.738" errors="0">
  <testcase name="testContactCreationWithValidData" time="1.826" classname="com.example.tests.ContactCreationTests"/>
  <testcase name="testContactCreationWithValidData" time="1.669" classname="com.example.tests.ContactCreationTests"/>
  <testcase name="testContactCreationWithValidData" time="2.415" classname="com.example.tests.ContactCreationTests"/>
  <testcase name="testContactCreationWithValidData" time="9.432" classname="com.example.tests.ContactCreationTests"/>
  <testcase name="testContactCreationWithValidData" time="2.396" classname="com.example.tests.ContactCreationTests"/>
</testsuite> <!-- com.example.tests.ContactCreationTests -->
