<?xml version="1.0" encoding="UTF-8"?>
<!-- Generated by org.testng.reporters.JUnitReportReporter -->
<testsuite hostname="air-nataliia.lan" name="com.example.tests.ContactCreationTests" tests="2" failures="0" timestamp="4 Mar 2014 21:51:51 GMT" time="2.817" errors="0">
  <testcase name="testNonEmptyContactCreation" time="1.534" classname="com.example.tests.ContactCreationTests"/>
  <testcase name="testEmptyContactCreation" time="1.283" classname="com.example.tests.ContactCreationTests"/>
</testsuite> <!-- com.example.tests.ContactCreationTests -->
