<?xml version="1.0" encoding="UTF-8"?>
<!-- Generated by org.testng.reporters.JUnitReportReporter -->
<testsuite hostname="air-nataliia.lan" name="com.example.tests.GroupRemovalTests" tests="1" failures="0" timestamp="13 Mar 2014 21:36:19 GMT" time="0.782" errors="0">
  <testcase name="deleteFewGroups" time="0.782" classname="com.example.tests.GroupRemovalTests"/>
</testsuite> <!-- com.example.tests.GroupRemovalTests -->
