<?xml version="1.0" encoding="UTF-8"?>
<!-- Generated by org.testng.reporters.JUnitReportReporter -->
<testsuite hostname="air-nataliia.lan" name="com.example.tests.GroupRemovalTests" tests="1" failures="0" timestamp="10 Mar 2014 21:53:47 GMT" time="1.208" errors="0">
  <testcase name="DeleteSomeGroup" time="1.208" classname="com.example.tests.GroupRemovalTests"/>
</testsuite> <!-- com.example.tests.GroupRemovalTests -->
