<?xml version="1.0" encoding="UTF-8"?>
<!-- Generated by org.testng.reporters.JUnitReportReporter -->
<testsuite hostname="air-nataliia.lan" name="com.example.tests.ContactCreationTests" tests="2" failures="0" timestamp="29 Mar 2014 19:28:47 GMT" time="2.798" errors="0">
  <testcase name="testContactCreationWithValidData" time="1.430" classname="com.example.tests.ContactCreationTests"/>
  <testcase name="testContactCreationWithValidData" time="1.368" classname="com.example.tests.ContactCreationTests"/>
</testsuite> <!-- com.example.tests.ContactCreationTests -->
