<?xml version="1.0" encoding="UTF-8"?>
<!-- Generated by org.testng.reporters.JUnitReportReporter -->
<testsuite hostname="nataliiapav9313" name="com.example.tests.TestContactCreation" tests="1" failures="0" timestamp="26 Apr 2014 21:36:51 GMT" time="6.141" errors="0">
  <testcase name="shouldCreateContactWithValidData" time="6.141" classname="com.example.tests.TestContactCreation"/>
</testsuite> <!-- com.example.tests.TestContactCreation -->
